[debug] [2022-10-18T20:39:53.238Z] ----------------------------------------------------------------------
[debug] [2022-10-18T20:39:53.240Z] Command:       C:\Program Files\nodejs\node.exe C:\Users\Jahan\AppData\Roaming\npm\node_modules\firebase-tools\lib\bin\firebase.js init
[debug] [2022-10-18T20:39:53.241Z] CLI Version:   11.14.4
[debug] [2022-10-18T20:39:53.241Z] Platform:      win32
[debug] [2022-10-18T20:39:53.241Z] Node Version:  v18.7.0
[debug] [2022-10-18T20:39:53.243Z] Time:          Wed Oct 19 2022 02:39:53 GMT+0600 (Bangladesh Standard Time)
[debug] [2022-10-18T20:39:53.243Z] ----------------------------------------------------------------------
[debug] 
[debug] [2022-10-18T20:39:53.247Z] >>> [apiv2][query] GET https://firebase-public.firebaseio.com/cli.json [none]
[debug] [2022-10-18T20:39:53.306Z] > command requires scopes: ["email","openid","https://www.googleapis.com/auth/cloudplatformprojects.readonly","https://www.googleapis.com/auth/firebase","https://www.googleapis.com/auth/cloud-platform"]
[debug] [2022-10-18T20:39:53.307Z] > authorizing via signed-in user (jafarsjahan@gmail.com)
[info] 
     ######## #### ########  ######## ########     ###     ######  ########
     ##        ##  ##     ## ##       ##     ##  ##   ##  ##       ##
     ######    ##  ########  ######   ########  #########  ######  ######
     ##        ##  ##    ##  ##       ##     ## ##     ##       ## ##
     ##       #### ##     ## ######## ########  ##     ##  ######  ########

You're about to initialize a Firebase project in this directory:

  C:\Users\Jahan\Desktop\Projects\Course\Milestone 10\auth-router-context-ts

[debug] [2022-10-18T20:39:54.068Z] <<< [apiv2][status] GET https://firebase-public.firebaseio.com/cli.json 200
[debug] [2022-10-18T20:39:54.068Z] <<< [apiv2][body] GET https://firebase-public.firebaseio.com/cli.json {"cloudBuildErrorAfter":1594252800000,"cloudBuildWarnAfter":1590019200000,"defaultNode10After":1594252800000,"minVersion":"3.0.5","node8DeploysDisabledAfter":1613390400000,"node8RuntimeDisabledAfter":1615809600000,"node8WarnAfter":1600128000000}
[info] 
=== Project Setup
[info] 
[info] First, let's associate this project directory with a Firebase project.
[info] You can create multiple project aliases by running firebase use --add, 
[info] but for now we'll just set up a default project.
[info] 
[debug] [2022-10-18T20:40:21.281Z] > refreshing access token with scopes: []
[debug] [2022-10-18T20:40:21.283Z] >>> [apiv2][query] POST https://www.googleapis.com/oauth2/v3/token [none]
[debug] [2022-10-18T20:40:21.283Z] >>> [apiv2][body] POST https://www.googleapis.com/oauth2/v3/token [omitted]
[debug] [2022-10-18T20:40:21.666Z] <<< [apiv2][status] POST https://www.googleapis.com/oauth2/v3/token 200
[debug] [2022-10-18T20:40:21.666Z] <<< [apiv2][body] POST https://www.googleapis.com/oauth2/v3/token [omitted]
[debug] [2022-10-18T20:40:21.684Z] >>> [apiv2][query] GET https://firebase.googleapis.com/v1beta1/projects pageSize=100
[debug] [2022-10-18T20:40:22.533Z] <<< [apiv2][status] GET https://firebase.googleapis.com/v1beta1/projects 200
[debug] [2022-10-18T20:40:22.534Z] <<< [apiv2][body] GET https://firebase.googleapis.com/v1beta1/projects [omitted]
